# JRE version: Java(TM) SE Runtime Environment (8.0_144-b01) (build 1.8.0_144-b01)
# Java VM: Java HotSpot(TM) 64-Bit Server VM (25.144-b01 mixed mode windows-amd64 compressed oops)
Heap:
 PSYoungGen      total 523776K, used 312734K [0x00000000d6100000, 0x00000000ffb80000, 0x0000000100000000)
  eden space 479744K, 63% used [0x00000000d6100000,0x00000000e88bcf50,0x00000000f3580000)
  from space 44032K, 22% used [0x00000000f3580000,0x00000000f3f2a920,0x00000000f6080000)
  to   space 43008K, 0% used [0x00000000fd180000,0x00000000fd180000,0x00000000ffb80000)
 ParOldGen       total 99328K, used 27881K [0x0000000082200000, 0x0000000088300000, 0x00000000d6100000)
  object space 99328K, 28% used [0x0000000082200000,0x0000000083d3a640,0x0000000088300000)
 Metaspace       used 16791K, capacity 17380K, committed 17536K, reserved 1064960K
  class space    used 2189K, capacity 2341K, committed 2432K, reserved 1048576K
GC Heap History (10 events):
Event: 16.390 GC heap before
{Heap before GC invocations=11 (full 1):
 PSYoungGen      total 245760K, used 214139K [0x00000000d6100000, 0x00000000ec900000, 0x0000000100000000)
  eden space 206336K, 99% used [0x00000000d6100000,0x00000000e292d528,0x00000000e2a80000)
  from space 39424K, 23% used [0x00000000e2a80000,0x00000000e3371820,0x00000000e5100000)
  to   space 38912K, 0% used [0x00000000ea300000,0x00000000ea300000,0x00000000ec900000)
 ParOldGen       total 99328K, used 26945K [0x0000000082200000, 0x0000000088300000, 0x00000000d6100000)
  object space 99328K, 27% used [0x0000000082200000,0x0000000083c50620,0x0000000088300000)
 Metaspace       used 16246K, capacity 16826K, committed 16896K, reserved 1064960K
  class space    used 2135K, capacity 2290K, committed 2304K, reserved 1048576K
Event: 16.395 GC heap after
Heap after GC invocations=11 (full 1):
 PSYoungGen      total 315392K, used 9318K [0x00000000d6100000, 0x00000000ec180000, 0x0000000100000000)
  eden space 284160K, 0% used [0x00000000d6100000,0x00000000d6100000,0x00000000e7680000)
  from space 31232K, 29% used [0x00000000ea300000,0x00000000eac19820,0x00000000ec180000)
  to   space 38400K, 0% used [0x00000000e7680000,0x00000000e7680000,0x00000000e9c00000)
 ParOldGen       total 99328K, used 26969K [0x0000000082200000, 0x0000000088300000, 0x00000000d6100000)
  object space 99328K, 27% used [0x0000000082200000,0x0000000083c56620,0x0000000088300000)
 Metaspace       used 16246K, capacity 16826K, committed 16896K, reserved 1064960K
  class space    used 2135K, capacity 2290K, committed 2304K, reserved 1048576K
}
Event: 20.523 GC heap before
{Heap before GC invocations=12 (full 1):
 PSYoungGen      total 315392K, used 293478K [0x00000000d6100000, 0x00000000ec180000, 0x0000000100000000)
  eden space 284160K, 100% used [0x00000000d6100000,0x00000000e7680000,0x00000000e7680000)
  from space 31232K, 29% used [0x00000000ea300000,0x00000000eac19820,0x00000000ec180000)
  to   space 38400K, 0% used [0x00000000e7680000,0x00000000e7680000,0x00000000e9c00000)
 ParOldGen       total 99328K, used 26969K [0x0000000082200000, 0x0000000088300000, 0x00000000d6100000)
  object space 99328K, 27% used [0x0000000082200000,0x0000000083c56620,0x0000000088300000)
 Metaspace       used 16246K, capacity 16826K, committed 16896K, reserved 1064960K
  class space    used 2135K, capacity 2290K, committed 2304K, reserved 1048576K
Event: 20.543 GC heap after
Heap after GC invocations=12 (full 1):
 PSYoungGen      total 322560K, used 33578K [0x00000000d6100000, 0x00000000f2c00000, 0x0000000100000000)
  eden space 284160K, 0% used [0x00000000d6100000,0x00000000d6100000,0x00000000e7680000)
  from space 38400K, 87% used [0x00000000e7680000,0x00000000e974aa60,0x00000000e9c00000)
  to   space 42496K, 0% used [0x00000000f0280000,0x00000000f0280000,0x00000000f2c00000)
 ParOldGen       total 99328K, used 27257K [0x0000000082200000, 0x0000000088300000, 0x00000000d6100000)
  object space 99328K, 27% used [0x0000000082200000,0x0000000083c9e630,0x0000000088300000)
 Metaspace       used 16246K, capacity 16826K, committed 16896K, reserved 1064960K
  class space    used 2135K, capacity 2290K, committed 2304K, reserved 1048576K
}
Event: 24.735 GC heap before
{Heap before GC invocations=13 (full 1):
 PSYoungGen      total 322560K, used 317738K [0x00000000d6100000, 0x00000000f2c00000, 0x0000000100000000)
  eden space 284160K, 100% used [0x00000000d6100000,0x00000000e7680000,0x00000000e7680000)
  from space 38400K, 87% used [0x00000000e7680000,0x00000000e974aa60,0x00000000e9c00000)
  to   space 42496K, 0% used [0x00000000f0280000,0x00000000f0280000,0x00000000f2c00000)
 ParOldGen       total 99328K, used 27257K [0x0000000082200000, 0x0000000088300000, 0x00000000d6100000)
  object space 99328K, 27% used [0x0000000082200000,0x0000000083c9e630,0x0000000088300000)
 Metaspace       used 16255K, capacity 16826K, committed 16896K, reserved 1064960K
  class space    used 2135K, capacity 2290K, committed 2304K, reserved 1048576K
Event: 24.745 GC heap after
Heap after GC invocations=13 (full 1):
 PSYoungGen      total 417280K, used 33581K [0x00000000d6100000, 0x00000000f2a00000, 0x0000000100000000)
  eden space 376832K, 0% used [0x00000000d6100000,0x00000000d6100000,0x00000000ed100000)
  from space 40448K, 83% used [0x00000000f0280000,0x00000000f234b730,0x00000000f2a00000)
  to   space 45568K, 0% used [0x00000000ed100000,0x00000000ed100000,0x00000000efd80000)
 ParOldGen       total 99328K, used 27313K [0x0000000082200000, 0x0000000088300000, 0x00000000d6100000)
  object space 99328K, 27% used [0x0000000082200000,0x0000000083cac630,0x0000000088300000)
 Metaspace       used 16255K, capacity 16826K, committed 16896K, reserved 1064960K
  class space    used 2135K, capacity 2290K, committed 2304K, reserved 1048576K
}
Event: 30.184 GC heap before
{Heap before GC invocations=14 (full 1):
 PSYoungGen      total 417280K, used 410413K [0x00000000d6100000, 0x00000000f2a00000, 0x0000000100000000)
  eden space 376832K, 100% used [0x00000000d6100000,0x00000000ed100000,0x00000000ed100000)
  from space 40448K, 83% used [0x00000000f0280000,0x00000000f234b730,0x00000000f2a00000)
  to   space 45568K, 0% used [0x00000000ed100000,0x00000000ed100000,0x00000000efd80000)
 ParOldGen       total 99328K, used 27313K [0x0000000082200000, 0x0000000088300000, 0x00000000d6100000)
  object space 99328K, 27% used [0x0000000082200000,0x0000000083cac630,0x0000000088300000)
 Metaspace       used 16260K, capacity 16826K, committed 16896K, reserved 1064960K
  class space    used 2135K, capacity 2290K, committed 2304K, reserved 1048576K
Event: 30.207 GC heap after
Heap after GC invocations=14 (full 1):
 PSYoungGen      total 422400K, used 9607K [0x00000000d6100000, 0x00000000f9a00000, 0x0000000100000000)
  eden space 376832K, 0% used [0x00000000d6100000,0x00000000d6100000,0x00000000ed100000)
  from space 45568K, 21% used [0x00000000ed100000,0x00000000eda61c60,0x00000000efd80000)
  to   space 45056K, 0% used [0x00000000f6e00000,0x00000000f6e00000,0x00000000f9a00000)
 ParOldGen       total 99328K, used 27369K [0x0000000082200000, 0x0000000088300000, 0x00000000d6100000)
  object space 99328K, 27% used [0x0000000082200000,0x0000000083cba630,0x0000000088300000)
 Metaspace       used 16260K, capacity 16826K, committed 16896K, reserved 1064960K
  class space    used 2135K, capacity 2290K, committed 2304K, reserved 1048576K
}
Event: 35.915 GC heap before
{Heap before GC invocations=15 (full 1):
 PSYoungGen      total 422400K, used 383420K [0x00000000d6100000, 0x00000000f9a00000, 0x0000000100000000)
  eden space 376832K, 99% used [0x00000000d6100000,0x00000000ece0d3d0,0x00000000ed100000)
  from space 45568K, 21% used [0x00000000ed100000,0x00000000eda61c60,0x00000000efd80000)
  to   space 45056K, 0% used [0x00000000f6e00000,0x00000000f6e00000,0x00000000f9a00000)
 ParOldGen       total 99328K, used 27369K [0x0000000082200000, 0x0000000088300000, 0x00000000d6100000)
  object space 99328K, 27% used [0x0000000082200000,0x0000000083cba630,0x0000000088300000)
 Metaspace       used 16289K, capacity 16922K, committed 17280K, reserved 1064960K
  class space    used 2138K, capacity 2322K, committed 2432K, reserved 1048576K
Event: 35.922 GC heap after
Heap after GC invocations=15 (full 1):
 PSYoungGen      total 509952K, used 9470K [0x00000000d6100000, 0x00000000f8b80000, 0x0000000100000000)
  eden space 479744K, 0% used [0x00000000d6100000,0x00000000d6100000,0x00000000f3580000)
  from space 30208K, 31% used [0x00000000f6e00000,0x00000000f773fa30,0x00000000f8b80000)
  to   space 44032K, 0% used [0x00000000f3580000,0x00000000f3580000,0x00000000f6080000)
 ParOldGen       total 99328K, used 27873K [0x0000000082200000, 0x0000000088300000, 0x00000000d6100000)
  object space 99328K, 28% used [0x0000000082200000,0x0000000083d38640,0x0000000088300000)
 Metaspace       used 16289K, capacity 16922K, committed 17280K, reserved 1064960K
  class space    used 2138K, capacity 2322K, committed 2432K, reserved 1048576K
}

